<?xml version="1.0" encoding="UTF-8" standalone="yes"?>
<testsuites name="Forms-Standard" time="11" tests="3" failures="0" errors="0">
    <testsuite name="Forms-Standard" tests="3" failures="0" errors="0" time="11" timestamp="2019-05-23 13:58:58" hostname="ricardo.martinez - 10.134.123.63" id="Test Suites/Forms-Standard">
        <properties>
            <property name="deviceName" value=""/>
            <property name="devicePlatform" value=""/>
            <property name="logFolder" value="/Users/ricardo.martinez/git/Katalon_casesMay22/Katalon_cases/Reports/Forms-Standard/20190523_135818"/>
            <property name="logFiles" value="/Users/ricardo.martinez/git/Katalon_casesMay22/Katalon_cases/Reports/Forms-Standard/20190523_135818/execution0.log"/>
            <property name="attachments" value=""/>
            <property name="hostName" value="ricardo.martinez - 10.134.123.63"/>
            <property name="os" value="Mac OS X 64bit"/>
            <property name="katalonVersion" value="6.1.5.3"/>
            <property name="browser" value="Chrome 74.0.3729.169"/>
            <property name="hostAddress" value="10.134.123.63"/>
            <property name="sessionId" value="fb6f413f94392dfd6d89c727b1cc8c70"/>
            <property name="seleniumVersion" value="3.7.1"/>
            <property name="proxyInformation" value="ProxyInformation{proxyOption=NO_PROXY, proxyServerType=HTTP, password=, proxyServerAddress=, proxyServerPort=0}"/>
            <property name="platform" value="Mac OS X"/>
        </properties>
        <testcase name="Test Cases/Forms_Standard/Order_Parts_Standard" classname="Test Cases/Forms_Standard/Order_Parts_Standard" status="PASSED">
            <system-out>2019-05-23 13:58:58 - [TEST_CASE][PASSED] - Test Cases/Forms_Standard/Order_Parts_Standard: Test Cases/Forms_Standard/Order_Parts_Standard

2019-05-23 13:58:59 - [TEST_STEP][PASSED] - openBrowser(""): Browser is opened with url: ''

2019-05-23 13:58:59 - [MESSAGE][INFO] - Starting 'Chrome' driver

2019-05-23 13:58:59 - [MESSAGE][INFO] - Action delay is set to 0 seconds

2019-05-23 13:59:00 - [MESSAGE][PASSED] - Browser is opened with url: ''

2019-05-23 13:59:00 - [TEST_STEP][PASSED] - closeBrowser(): Browser is closed

2019-05-23 13:59:01 - [MESSAGE][PASSED] - Browser is closed</system-out>
            <system-err></system-err>
        </testcase>
        <testcase name="Test Cases/Forms_Standard/Contact_Us_Standard_Email" classname="Test Cases/Forms_Standard/Contact_Us_Standard_Email" status="PASSED">
            <system-out>2019-05-23 13:59:01 - [TEST_CASE][PASSED] - Test Cases/Forms_Standard/Contact_Us_Standard_Email: Test Cases/Forms_Standard/Contact_Us_Standard_Email

2019-05-23 13:59:01 - [TEST_STEP][PASSED] - openBrowser(""): Browser is opened with url: ''

2019-05-23 13:59:01 - [MESSAGE][INFO] - Starting 'Chrome' driver

2019-05-23 13:59:02 - [MESSAGE][PASSED] - Browser is opened with url: ''

2019-05-23 13:59:02 - [TEST_STEP][PASSED] - contactURL = concatenate([URLBase, URLStubContact], STOP_ON_FAILURE): Concatenated string array: '['http://syedrahmansandbox.cms.dealer.com/','contact.htm']' into 'http://syedrahmansandbox.cms.dealer.com/contact.htm'

2019-05-23 13:59:02 - [MESSAGE][PASSED] - Concatenated string array: '['http://syedrahmansandbox.cms.dealer.com/','contact.htm']' into 'http://syedrahmansandbox.cms.dealer.com/contact.htm'

2019-05-23 13:59:02 - [TEST_STEP][PASSED] - navigateToUrl(contactURL): Navigate to 'http://syedrahmansandbox.cms.dealer.com/contact.htm' successfully

2019-05-23 13:59:03 - [MESSAGE][PASSED] - Navigate to 'http://syedrahmansandbox.cms.dealer.com/contact.htm' successfully

2019-05-23 13:59:03 - [TEST_STEP][PASSED] - setText(findTestObject("Forms_Standard/Contact_Us/FirstName"), FirstName): Text 'Dealer' is set on object 'Object Repository/Forms_Standard/Contact_Us/FirstName'

2019-05-23 13:59:04 - [MESSAGE][PASSED] - Text 'Dealer' is set on object 'Object Repository/Forms_Standard/Contact_Us/FirstName'

2019-05-23 13:59:04 - [TEST_STEP][PASSED] - setText(findTestObject("Forms_Standard/Contact_Us/LastName"), LastName): Text 'Dealer.com' is set on object 'Object Repository/Forms_Standard/Contact_Us/LastName'

2019-05-23 13:59:04 - [MESSAGE][PASSED] - Text 'Dealer.com' is set on object 'Object Repository/Forms_Standard/Contact_Us/LastName'

2019-05-23 13:59:04 - [TEST_STEP][PASSED] - selectOptionByLabel(findTestObject("Forms_Standard/Contact_Us/PreferredContact"), "Email", false): All options with label 'Email' are selected in object 'Object Repository/Forms_Standard/Contact_Us/PreferredContact' 

2019-05-23 13:59:04 - [MESSAGE][PASSED] - All options with label 'Email' are selected in object 'Object Repository/Forms_Standard/Contact_Us/PreferredContact' 

2019-05-23 13:59:04 - [TEST_STEP][PASSED] - setText(findTestObject("Forms_Standard/Contact_Us/EmailAddress"), Email): Text 'test@test.com' is set on object 'Object Repository/Forms_Standard/Contact_Us/EmailAddress'

2019-05-23 13:59:04 - [MESSAGE][PASSED] - Text 'test@test.com' is set on object 'Object Repository/Forms_Standard/Contact_Us/EmailAddress'

2019-05-23 13:59:04 - [TEST_STEP][PASSED] - setText(findTestObject("Forms_Standard/Contact_Us/CommentForm"), "This is a Test Lead to verify the Contact Us form functionality using Phone as preferred method."): Text 'This is a Test Lead to verify the Contact Us form functionality using Phone as preferred method.' is set on object 'Object Repository/Forms_Standard/Contact_Us/CommentForm'

2019-05-23 13:59:04 - [MESSAGE][PASSED] - Text 'This is a Test Lead to verify the Contact Us form functionality using Phone as preferred method.' is set on object 'Object Repository/Forms_Standard/Contact_Us/CommentForm'

2019-05-23 13:59:04 - [TEST_STEP][PASSED] - click(findTestObject("Forms_Standard/Contact_Us/SubmitButton")): Object: 'Object Repository/Forms_Standard/Contact_Us/SubmitButton' is clicked on

2019-05-23 13:59:05 - [MESSAGE][PASSED] - Object: 'Object Repository/Forms_Standard/Contact_Us/SubmitButton' is clicked on

2019-05-23 13:59:05 - [TEST_STEP][PASSED] - closeBrowser(): Browser is closed

2019-05-23 13:59:05 - [MESSAGE][PASSED] - Browser is closed</system-out>
            <system-err></system-err>
        </testcase>
        <testcase name="Test Cases/Forms_Standard/Contact_Us_Standard_Phone" classname="Test Cases/Forms_Standard/Contact_Us_Standard_Phone" status="PASSED">
            <system-out>2019-05-23 13:59:05 - [TEST_CASE][PASSED] - Test Cases/Forms_Standard/Contact_Us_Standard_Phone: Test Cases/Forms_Standard/Contact_Us_Standard_Phone

2019-05-23 13:59:06 - [TEST_STEP][PASSED] - openBrowser(""): Browser is opened with url: ''

2019-05-23 13:59:06 - [MESSAGE][INFO] - Starting 'Chrome' driver

2019-05-23 13:59:07 - [MESSAGE][PASSED] - Browser is opened with url: ''

2019-05-23 13:59:07 - [TEST_STEP][PASSED] - contactURL = concatenate([URLBase, URLStubContact], STOP_ON_FAILURE): Concatenated string array: '['http://syedrahmansandbox.cms.dealer.com/','contact.htm']' into 'http://syedrahmansandbox.cms.dealer.com/contact.htm'

2019-05-23 13:59:07 - [MESSAGE][PASSED] - Concatenated string array: '['http://syedrahmansandbox.cms.dealer.com/','contact.htm']' into 'http://syedrahmansandbox.cms.dealer.com/contact.htm'

2019-05-23 13:59:07 - [TEST_STEP][PASSED] - navigateToUrl(contactURL): Navigate to 'http://syedrahmansandbox.cms.dealer.com/contact.htm' successfully

2019-05-23 13:59:08 - [MESSAGE][PASSED] - Navigate to 'http://syedrahmansandbox.cms.dealer.com/contact.htm' successfully

2019-05-23 13:59:08 - [TEST_STEP][PASSED] - setText(findTestObject("Forms_Standard/Contact_Us/FirstName"), FirstName): Text 'Dealer' is set on object 'Object Repository/Forms_Standard/Contact_Us/FirstName'

2019-05-23 13:59:08 - [MESSAGE][PASSED] - Text 'Dealer' is set on object 'Object Repository/Forms_Standard/Contact_Us/FirstName'

2019-05-23 13:59:08 - [TEST_STEP][PASSED] - setText(findTestObject("Forms_Standard/Contact_Us/LastName"), LastName): Text 'Dealer.com' is set on object 'Object Repository/Forms_Standard/Contact_Us/LastName'

2019-05-23 13:59:08 - [MESSAGE][PASSED] - Text 'Dealer.com' is set on object 'Object Repository/Forms_Standard/Contact_Us/LastName'

2019-05-23 13:59:08 - [TEST_STEP][PASSED] - selectOptionByLabel(findTestObject("Forms_Standard/Contact_Us/PreferredContact"), "Phone", false): All options with label 'Phone' are selected in object 'Object Repository/Forms_Standard/Contact_Us/PreferredContact' 

2019-05-23 13:59:08 - [MESSAGE][PASSED] - All options with label 'Phone' are selected in object 'Object Repository/Forms_Standard/Contact_Us/PreferredContact' 

2019-05-23 13:59:08 - [TEST_STEP][PASSED] - setText(findTestObject("Forms_Standard/Contact_Us/PhoneNumber"), PhoneNumber): Text '802-555-5555' is set on object 'Object Repository/Forms_Standard/Contact_Us/PhoneNumber'

2019-05-23 13:59:08 - [MESSAGE][PASSED] - Text '802-555-5555' is set on object 'Object Repository/Forms_Standard/Contact_Us/PhoneNumber'

2019-05-23 13:59:08 - [TEST_STEP][PASSED] - setText(findTestObject("Forms_Standard/Contact_Us/CommentForm"), "This is a Test Lead to verify the Contact Us form functionality using Phone as preferred method."): Text 'This is a Test Lead to verify the Contact Us form functionality using Phone as preferred method.' is set on object 'Object Repository/Forms_Standard/Contact_Us/CommentForm'

2019-05-23 13:59:09 - [MESSAGE][PASSED] - Text 'This is a Test Lead to verify the Contact Us form functionality using Phone as preferred method.' is set on object 'Object Repository/Forms_Standard/Contact_Us/CommentForm'

2019-05-23 13:59:09 - [TEST_STEP][PASSED] - click(findTestObject("Forms_Standard/Contact_Us/SubmitButton")): Object: 'Object Repository/Forms_Standard/Contact_Us/SubmitButton' is clicked on

2019-05-23 13:59:10 - [MESSAGE][PASSED] - Object: 'Object Repository/Forms_Standard/Contact_Us/SubmitButton' is clicked on

2019-05-23 13:59:10 - [TEST_STEP][PASSED] - closeBrowser(): Browser is closed

2019-05-23 13:59:10 - [MESSAGE][PASSED] - Browser is closed</system-out>
            <system-err></system-err>
        </testcase>
        <system-out>2019-05-23 13:58:58 - [TEST_SUITE][INCOMPLETE] - Forms-Standard: null</system-out>
        <system-err>2019-05-23 13:58:58 - [TEST_SUITE][INCOMPLETE] - Forms-Standard: null</system-err>
    </testsuite>
</testsuites>
